<?xml version="1.0" encoding="UTF-8"?>
<testng-results ignored="0" total="1" passed="1" failed="0" skipped="0">
  <reporter-output>
  </reporter-output>
  <suite started-at="2026-03-31T14:59:38 ICT" name="Smoke Test Suite" finished-at="2026-03-31T14:59:50 ICT" duration-ms="12618">
    <groups>
      <group name="smoke">
        <method signature="LoginTest.testGoogle()[pri:0, instance:tests.LoginTest@5e0e82ae]" name="testGoogle" class="tests.LoginTest"/>
      </group> <!-- smoke -->
    </groups>
    <test started-at="2026-03-31T14:59:38 ICT" name="Login Smoke Tests" finished-at="2026-03-31T14:59:50 ICT" duration-ms="12618">
      <class name="tests.LoginTest">
        <test-method signature="testGoogle()[pri:0, instance:tests.LoginTest@5e0e82ae]" started-at="2026-03-31T14:59:38 ICT" name="testGoogle" finished-at="2026-03-31T14:59:50 ICT" duration-ms="12533" status="PASS">
          <reporter-output>
          </reporter-output>
        </test-method> <!-- testGoogle -->
      </class> <!-- tests.LoginTest -->
    </test> <!-- Login Smoke Tests -->
  </suite> <!-- Smoke Test Suite -->
</testng-results>
